### ISSUE TITLE
Seg fault in `tv_dict_free_contents` when exiting Nvim

### ISSUE THREAD

**Issue by gpanders** [neovim/neovim#17845]
### Neovim version (nvim -v)

NVIM v0.7.0-dev+1316-g27fccb295

### Vim (not Nvim) behaves the same?

no

### Operating system/version

macOS 10.15.17

### Terminal name/version

iTerm2 3.5.0beta5 / tmux

### $TERM environment variable

tmux-256color

### Installation

Build from source

### How to reproduce the issue

SIGSEGV occurred when exiting Nvim.

Note I'm making this issue as a tracking issue both for myself and for anyone else who comes across it. There's not much actionable in here at the moment.

Backtrace:

```
* thread #1, stop reason = signal SIGSTOP
  * frame #0: 0x0000000102a93070 nvim`tv_dict_free_contents + 192
    frame #1: 0x0000000102a96593 nvim`_typval_encode_nothing_convert_one_value + 675
    frame #2: 0x0000000102a95361 nvim`encode_vim_to_nothing.llvm.8835844376208146304 + 209
    frame #3: 0x0000000102b4e944 nvim`nlua_call + 548
    frame #4: 0x0000000102917716 nvim`lj_BC_FUNCC + 68
    frame #5: 0x000000010292ebb2 nvim`lua_pcall(L=<unavailable>, nargs=<unavailable>, nresults=<unavailable>, errfunc=<unavailable>) at lj_api.c:1145:12 [opt]
    frame #6: 0x0000000102b4ef41 nvim`nlua_pcall.llvm.5502629247558290611 + 113
    frame #7: 0x0000000102b4fa5f nvim`nlua_call_ref + 175
    frame #8: 0x0000000102a4f880 nvim`callback_call + 272
    frame #9: 0x00000001029e432f nvim`getnextac + 351
    frame #10: 0x0000000102ac318e nvim`do_cmdline + 2382
    frame #11: 0x00000001029e233a nvim`apply_autocmds_group + 2538
    frame #12: 0x00000001029e17a7 nvim`do_doautocmd + 551
    frame #13: 0x0000000102ad92b5 nvim`ex_doautocmd + 69
    frame #14: 0x0000000102ac6be9 nvim`do_cmdline + 17321
    frame #15: 0x00000001029a1ac9 nvim`nlua_api_nvim_command + 313
    frame #16: 0x0000000102917716 nvim`lj_BC_FUNCC + 68
    frame #17: 0x000000010292ebb2 nvim`lua_pcall(L=<unavailable>, nargs=<unavailable>, nresults=<unavailable>, errfunc=<unavailable>) at lj_api.c:1145:12 [opt]
    frame #18: 0x0000000102b4ef41 nvim`nlua_pcall.llvm.5502629247558290611 + 113
    frame #19: 0x0000000102b4fa5f nvim`nlua_call_ref + 175
    frame #20: 0x00000001029ac890 nvim`nvim_buf_call + 368
    frame #21: 0x0000000102994f1b nvim`nlua_api_nvim_buf_call + 459
    frame #22: 0x0000000102917716 nvim`lj_BC_FUNCC + 68
    frame #23: 0x000000010292ebb2 nvim`lua_pcall(L=<unavailable>, nargs=<unavailable>, nresults=<unavailable>, errfunc=<unavailable>) at lj_api.c:1145:12 [opt]
    frame #24: 0x0000000102b4ef41 nvim`nlua_pcall.llvm.5502629247558290611 + 113
    frame #25: 0x0000000102b525ab nvim`nlua_schedule_event + 75
    frame #26: 0x0000000102b51cd3 nvim`nlua_wait.llvm.5502629247558290611 + 1027
    frame #27: 0x0000000102917716 nvim`lj_BC_FUNCC + 68
    frame #28: 0x000000010292ebb2 nvim`lua_pcall(L=<unavailable>, nargs=<unavailable>, nresults=<unavailable>, errfunc=<unavailable>) at lj_api.c:1145:12 [opt]
    frame #29: 0x0000000102b4ef41 nvim`nlua_pcall.llvm.5502629247558290611 + 113
    frame #30: 0x0000000102b4ed20 nvim`nlua_typval_exec.llvm.5502629247558290611 + 256
    frame #31: 0x0000000102b4fbd0 nvim`ex_lua + 176
    frame #32: 0x0000000102ac6be9 nvim`do_cmdline + 17321
    frame #33: 0x00000001029e233a nvim`apply_autocmds_group + 2538
    frame #34: 0x0000000102b5e5e7 nvim`getout + 711
    frame #35: 0x0000000102adb435 nvim`ex_quit_all + 181
    frame #36: 0x0000000102ac6be9 nvim`do_cmdline + 17321
    frame #37: 0x0000000102bb5a80 nvim`nv_colon + 608
    frame #38: 0x0000000102bb1415 nvim`normal_execute.llvm.12648869117655146426 + 9621
    frame #39: 0x0000000102cde379 nvim`state_enter + 89
    frame #40: 0x0000000102b5d95e nvim`main + 17566
    frame #41: 0x00007fff7262bcc9 libdyld.dylib`start + 1
```

Disassembly of stack frame:

<details>

```asm
nvim`tv_dict_free_contents:
    0x102a92fb0 <+0>:   pushq  %rbp
    0x102a92fb1 <+1>:   movq   %rsp, %rbp
    0x102a92fb4 <+4>:   pushq  %r15
    0x102a92fb6 <+6>:   pushq  %r14
    0x102a92fb8 <+8>:   pushq  %r13
    0x102a92fba <+10>:  pushq  %r12
    0x102a92fbc <+12>:  pushq  %rbx
    0x102a92fbd <+13>:  subq   $0x18, %rsp
    0x102a92fc1 <+17>:  movl   0x28(%rdi), %eax
    0x102a92fc4 <+20>:  leal   0x1(%rax), %ecx
    0x102a92fc7 <+23>:  movl   %ecx, 0x28(%rdi)
    0x102a92fca <+26>:  testl  %eax, %eax
    0x102a92fcc <+28>:  js     0x102a9313a               ; <+394>
    0x102a92fd2 <+34>:  leaq   0x10(%rdi), %rax
    0x102a92fd6 <+38>:  movq   %rax, -0x38(%rbp)
    0x102a92fda <+42>:  movq   0x18(%rdi), %r13
    0x102a92fde <+46>:  testq  %r13, %r13
    0x102a92fe1 <+49>:  movq   %rdi, -0x30(%rbp)
    0x102a92fe5 <+53>:  je     0x102a9305a               ; <+170>
    0x102a92fe7 <+55>:  movq   0x30(%rdi), %rbx
    0x102a92feb <+59>:  addq   $0x8, %rbx
    0x102a92fef <+63>:  leaq   0x38577f(%rip), %r14      ; hash_removed
    0x102a92ff6 <+70>:  jmp    0x102a9300d               ; <+93>
    0x102a92ff8 <+72>:  nop
    0x102a92ff9 <+73>:  nop
    0x102a92ffa <+74>:  nop
    0x102a92ffb <+75>:  nop
    0x102a92ffc <+76>:  nop
    0x102a92ffd <+77>:  nop
    0x102a92ffe <+78>:  nop
    0x102a92fff <+79>:  nop
    0x102a93000 <+80>:  movq   -0x30(%rbp), %rdi
    0x102a93004 <+84>:  addq   $0x10, %rbx
    0x102a93008 <+88>:  testq  %r13, %r13
    0x102a9300b <+91>:  je     0x102a9305a               ; <+170>
    0x102a9300d <+93>:  movq   (%rbx), %r15
    0x102a93010 <+96>:  testq  %r15, %r15
    0x102a93013 <+99>:  je     0x102a93004               ; <+84>
    0x102a93015 <+101>: cmpq   %r14, %r15
    0x102a93018 <+104>: je     0x102a93004               ; <+84>
    0x102a9301a <+106>: leaq   -0x11(%r15), %r12
    0x102a9301e <+110>: decq   0x18(%rdi)
    0x102a93022 <+114>: movq   %r14, (%rbx)
    0x102a93025 <+117>: movq   -0x38(%rbp), %rdi
    0x102a93029 <+121>: callq  0x102b2c3b0               ; hash_may_resize.llvm.1137830788607163490
    0x102a9302e <+126>: cmpl   $0x0, -0x11(%r15)
    0x102a93033 <+131>: je     0x102a93046               ; <+150>
    0x102a93035 <+133>: movq   %r12, %rdi
    0x102a93038 <+136>: callq  0x102a95290               ; encode_vim_to_nothing.llvm.8835844376208146304
    0x102a9303d <+141>: cmpl   $0x1, %eax
    0x102a93040 <+144>: jne    0x102a9311b               ; <+363>
    0x102a93046 <+150>: decq   %r13
    0x102a93049 <+153>: testb  $0x10, -0x1(%r15)
    0x102a9304e <+158>: je     0x102a93000               ; <+80>
    0x102a93050 <+160>: movq   %r12, %rdi
    0x102a93053 <+163>: callq  0x102d53454               ; symbol stub for: free
    0x102a93058 <+168>: jmp    0x102a93000               ; <+80>
    0x102a9305a <+170>: leaq   0x150(%rdi), %rbx
    0x102a93061 <+177>: movq   0x150(%rdi), %rdi
    0x102a93068 <+184>: cmpq   %rbx, %rdi
    0x102a9306b <+187>: je     0x102a93092               ; <+226>
    0x102a9306d <+189>: nop
    0x102a9306e <+190>: nop
    0x102a9306f <+191>: nop
->  0x102a93070 <+192>: movq   (%rdi), %rax
    0x102a93073 <+195>: movq   0x8(%rdi), %rcx
    0x102a93077 <+199>: movq   %rax, (%rcx)
    0x102a9307a <+202>: movq   (%rdi), %rax
    0x102a9307d <+205>: movq   %rcx, 0x8(%rax)
    0x102a93081 <+209>: addq   $-0x20, %rdi
    0x102a93085 <+213>: callq  0x102a926a0               ; tv_dict_watcher_free.llvm.8835844376208146304
    0x102a9308a <+218>: movq   (%rbx), %rdi
    0x102a9308d <+221>: cmpq   %rbx, %rdi
    0x102a93090 <+224>: jne    0x102a93070               ; <+192>
    0x102a93092 <+226>: movq   -0x30(%rbp), %rax
    0x102a93096 <+230>: movq   0x30(%rax), %rdi
    0x102a9309a <+234>: leaq   0x38(%rax), %rbx
    0x102a9309e <+238>: cmpq   %rbx, %rdi
    0x102a930a1 <+241>: je     0x102a930ac               ; <+252>
    0x102a930a3 <+243>: callq  0x102d53454               ; symbol stub for: free
    0x102a930a8 <+248>: movq   -0x30(%rbp), %rax
    0x102a930ac <+252>: decl   0x28(%rax)
    0x102a930af <+255>: vxorps %xmm0, %xmm0, %xmm0
    0x102a930b3 <+259>: movq   -0x38(%rbp), %rcx
    0x102a930b7 <+263>: vmovups %ymm0, 0x100(%rcx)
    0x102a930bf <+271>: vmovups %ymm0, 0xe0(%rcx)
    0x102a930c7 <+279>: vmovups %ymm0, 0xc0(%rcx)
    0x102a930cf <+287>: vmovups %ymm0, 0xa0(%rcx)
    0x102a930d7 <+295>: vmovups %ymm0, 0x80(%rcx)
    0x102a930df <+303>: vmovups %ymm0, 0x60(%rcx)
    0x102a930e4 <+308>: vmovups %ymm0, 0x40(%rcx)
    0x102a930e9 <+313>: vmovups %ymm0, 0x20(%rcx)
    0x102a930ee <+318>: vmovups %ymm0, (%rcx)
    0x102a930f2 <+322>: movq   $0x0, 0x120(%rcx)
    0x102a930fd <+333>: movq   %rbx, 0x30(%rax)
    0x102a93101 <+337>: movq   $0xf, 0x10(%rax)
    0x102a93109 <+345>: addq   $0x18, %rsp
    0x102a9310d <+349>: popq   %rbx
    0x102a9310e <+350>: popq   %r12
    0x102a93110 <+352>: popq   %r13
    0x102a93112 <+354>: popq   %r14
    0x102a93114 <+356>: popq   %r15
    0x102a93116 <+358>: popq   %rbp
    0x102a93117 <+359>: vzeroupper
    0x102a9311a <+362>: retq
    0x102a9311b <+363>: leaq   0x30edf0(%rip), %rdi      ; "tv_clear"
    0x102a93122 <+370>: leaq   0x30ec86(%rip), %rsi      ; "/Users/greande/Projects/neovim/src/nvim/eval/typval.c"
    0x102a93129 <+377>: leaq   0x30edeb(%rip), %rcx      ; "evn_ret == OK"
    0x102a93130 <+384>: movl   $0x9d8, %edx              ; imm = 0x9D8
    0x102a93135 <+389>: callq  0x102d53280               ; symbol stub for: __assert_rtn
    0x102a9313a <+394>: leaq   0x30ed15(%rip), %rdi      ; "tv_dict_free_contents"
    0x102a93141 <+401>: leaq   0x30ec67(%rip), %rsi      ; "/Users/greande/Projects/neovim/src/nvim/eval/typval.c"
    0x102a93148 <+408>: leaq   0x30ed1d(%rip), %rcx      ; "d->dv_hashtab.ht_locked > 0"
    0x102a9314f <+415>: movl   $0x5b5, %edx              ; imm = 0x5B5
    0x102a93154 <+420>: callq  0x102d53280               ; symbol stub for: __assert_rtn
    0x102a93159 <+425>: nop
    0x102a9315a <+426>: nop
    0x102a9315b <+427>: nop
    0x102a9315c <+428>: nop
    0x102a9315d <+429>: nop
    0x102a9315e <+430>: nop
    0x102a9315f <+431>: nop
```

</details>

Register dump:

<details>

```
General Purpose Registers:
       rax = 0x00007fac37510730
       rbx = 0x00007fac37510870
       rcx = 0x0000000000000001
       rdx = 0x0000000000066696
       rdi = 0x656372756f532f62
       rsi = 0x00007fac5761ba10
       rbp = 0x00007ffeed353070
       rsp = 0x00007ffeed353030
        r8 = 0x0000000000000072
        r9 = 0x00000000fffffffd
       r10 = 0x0000000000000020
       r11 = 0x00000000ffff1870
       r12 = 0x0000000000066696
       r13 = 0x0000000000000000
       r14 = 0x00007fac5761ba10
       r15 = 0x00007ffeed353100
       rip = 0x0000000102a93070  nvim`tv_dict_free_contents + 192
    rflags = 0x0000000000010202
        cs = 0x000000000000002b
        fs = 0x0000000000000000
        gs = 0x0000000000000000
```

</details>

`%rdi` contains a garbage value.

I'm fairly sure this is happening in this loop:

https://github.com/neovim/neovim/blob/27fccb295cb7c61e4c310d1f2c2e8993aaa99ca2/src/nvim/eval/typval.c#L1470-L1475

This corresponds to this assembly code:

```asm
    0x102a9305a <+170>: leaq   0x150(%rdi), %rbx
    0x102a93061 <+177>: movq   0x150(%rdi), %rdi
    0x102a93068 <+184>: cmpq   %rbx, %rdi
    0x102a9306b <+187>: je     0x102a93092               ; <+226>
    0x102a9306d <+189>: nop
    0x102a9306e <+190>: nop
    0x102a9306f <+191>: nop
->  0x102a93070 <+192>: movq   (%rdi), %rax
```

Somehow the watcher linked list is badly formed and dereferencing one of the nodes in `QUEUE_REMOVE` is causing a segfault.

### Expected behavior

No seg fault.

### Actual behavior

Analysis described above.

**Comment by gpanders** [comment]
I haven't been able to reproduce this in quite some time, whatever was causing it seems to have been fixed.
