### ISSUE TITLE
Crash when resizing

### ISSUE THREAD

**Issue by desdic** [neovim/neovim#6122]
- `nvim --version`:
NVIM 0.1.7
Build type: Release
Compilation: /usr/bin/cc -march=x86-64 -mtune=generic -O2 -pipe -fstack-protector-strong -Wconversion -O2 -DNDEBUG -DDISABLE_LOG -Wall -Wextra -pedantic -Wno-unused-parameter -Wstrict-prototypes -std=gnu99 -Wvla -fstack-protector-strong -fdiagnostics-color=auto -DINCLUDE_GENERATED_DECLARATIONS -DHAVE_CONFIG_H -D_GNU_SOURCE -I/build/neovim/src/build/config -I/build/neovim/src/neovim-0.1.7/src -I/usr/include -I/usr/include -I/usr/include -I/usr/include -I/usr/include -I/usr/include -I/usr/include -I/build/neovim/src/build/src/nvim/auto -I/build/neovim/src/build/include
Compiled by builduser

Optional features included (+) or not (-): +acl   +iconv    +jemalloc +tui      
For differences from Vim, see :help vim-differences

- Operating system/version:
Arch Linux - 4.9.8-1-ARCH #1 SMP PREEMPT Mon Feb 6 12:59:40 CET 2017 x86_64 GNU/Linux
- Terminal name/version:
- `$TERM`:
echo $TERM                                                                                                                                                                                                                     
xterm-256color

### Actual behaviour
When creating a new window (i3) it forces nvim to resize and then it crashes
### Expected behaviour
Resize and no crash
### Steps to reproduce using `nvim -u NORC`

Cannot reproduce it using -u NORC but without I get:

gdb-peda$ c
Continuing.

Thread 1 "nvim" received signal SIGSEGV, Segmentation fault.
[----------------------------------registers-----------------------------------]
RAX: 0x0 
RBX: 0x7ffff5443640 ("base-calpod-test1-cph3.sh")
RCX: 0x1 
RDX: 0xffffffffcabc15c0 
RSI: 0x7ffff5443640 ("base-calpod-test1-cph3.sh")
RDI: 0x0 
RBP: 0x7ffff5443640 ("base-calpod-test1-cph3.sh")
RSP: 0x7fffffff7ac8 --> 0x489b4a (<do_string_sub+282>:	movsxd rdx,DWORD PTR [rsp+0x20])
RIP: 0x7ffff67a18f0 (<__memmove_avx_unaligned_erms+368>:	vmovdqu ymm5,YMMWORD PTR [rsi+rdx*1-0x20])
R8 : 0x0 
R9 : 0x0 
R10: 0x5 
R11: 0x0 
R12: 0x7ffff51f9060 --> 0x65002e3a7e00 ('')
R13: 0x1 
R14: 0xffffffffcabc15c0 
R15: 0x8fc3f48ecabc15c0
EFLAGS: 0x10287 (CARRY PARITY adjust zero SIGN trap INTERRUPT direction overflow)
[-------------------------------------code-------------------------------------]
   0x7ffff67a18e0 <__memmove_avx_unaligned_erms+352>:	ja     0x7ffff67a1991 <__memmove_avx_unaligned_erms+529>
   0x7ffff67a18e6 <__memmove_avx_unaligned_erms+358>:	je     0x7ffff67a17d1 <__memmove_avx_unaligned_erms+81>
   0x7ffff67a18ec <__memmove_avx_unaligned_erms+364>:	vmovdqu ymm4,YMMWORD PTR [rsi]
=> 0x7ffff67a18f0 <__memmove_avx_unaligned_erms+368>:	vmovdqu ymm5,YMMWORD PTR [rsi+rdx*1-0x20]
   0x7ffff67a18f6 <__memmove_avx_unaligned_erms+374>:	vmovdqu ymm6,YMMWORD PTR [rsi+rdx*1-0x40]
   0x7ffff67a18fc <__memmove_avx_unaligned_erms+380>:	vmovdqu ymm7,YMMWORD PTR [rsi+rdx*1-0x60]
   0x7ffff67a1902 <__memmove_avx_unaligned_erms+386>:	vmovdqu ymm8,YMMWORD PTR [rsi+rdx*1-0x80]
   0x7ffff67a1908 <__memmove_avx_unaligned_erms+392>:	mov    r11,rdi
[------------------------------------stack-------------------------------------]
0000| 0x7fffffff7ac8 --> 0x489b4a (<do_string_sub+282>:	movsxd rdx,DWORD PTR [rsp+0x20])
0008| 0x7fffffff7ad0 --> 0x67000000f54a529e 
0016| 0x7fffffff7ad8 --> 0x7ffff5443659 --> 0x200068732e336800 ('')
0024| 0x7fffffff7ae0 --> 0x0 
0032| 0x7fffffff7ae8 --> 0x7ffff54ade90 --> 0x73466563424161 ('aABceFs')
0040| 0x7fffffff7af0 --> 0x0 
0048| 0x7fffffff7af8 --> 0xc800000001 
0056| 0x7fffffff7b00 --> 0x0 
[------------------------------------------------------------------------------]
Legend: code, data, rodata, value
Stopped reason: SIGSEGV
0x00007ffff67a18f0 in __memmove_avx_unaligned_erms () from /usr/lib/libc.so.6
gdb-peda$ bt
#0  0x00007ffff67a18f0 in __memmove_avx_unaligned_erms () from /usr/lib/libc.so.6
#1  0x0000000000489b4a in do_string_sub ()
#2  0x0000000000489d42 in ?? ()
#3  0x0000000000478b04 in call_func ()
#4  0x000000000047f38c in ?? ()
#5  0x000000000047d948 in ?? ()
#6  0x000000000047dc64 in ?? ()
#7  0x000000000047dfa3 in ?? ()
#8  0x000000000047ed14 in ?? ()
#9  0x000000000047eed4 in ?? ()
#10 0x000000000047f3eb in ?? ()
#11 0x0000000000487eae in ex_let ()
#12 0x00000000004b2810 in do_cmdline ()
#13 0x00000000004777e0 in ?? ()
#14 0x0000000000478803 in call_func ()
#15 0x000000000047f38c in ?? ()
#16 0x000000000047d948 in ?? ()
#17 0x000000000047dc64 in ?? ()
#18 0x000000000047dfa3 in ?? ()
#19 0x000000000047ed14 in ?? ()
#20 0x000000000047eed4 in ?? ()
#21 0x000000000047f3eb in ?? ()
#22 0x0000000000488fb7 in ex_return ()
#23 0x00000000004b2810 in do_cmdline ()
#24 0x00000000004777e0 in ?? ()
#25 0x0000000000478803 in call_func ()
#26 0x000000000047f38c in ?? ()
#27 0x000000000047d948 in ?? ()
#28 0x000000000047dc64 in ?? ()
#29 0x000000000047dfa3 in ?? ()
#30 0x000000000047ed14 in ?? ()
#31 0x000000000047eed4 in ?? ()
#32 0x000000000047f3eb in ?? ()
#33 0x00000000004803ef in eval_to_string ()
#34 0x0000000000480845 in eval_to_string_safe ()
#35 0x0000000000446753 in build_stl_str_hl ()
#36 0x000000000057372f in ?? ()
#37 0x0000000000576153 in ?? ()
#38 0x0000000000580939 in update_screen ()
#39 0x00000000004df5e1 in ?? ()
#40 0x00000000004dfc0a in vgetc ()
#41 0x00000000004dffa9 in safe_vgetc ()
#42 0x00000000005b1125 in state_enter ()
#43 0x0000000000522361 in normal_enter ()
#44 0x000000000042c4e5 in main ()
#45 0x00007ffff6699291 in __libc_start_main () from /usr/lib/libc.so.6
#46 0x000000000042d7ca in _start ()
gdb-peda$ c
Continuing.

Thread 1 "nvim" received signal SIGSEGV, Segmentation fault.
[----------------------------------registers-----------------------------------]
RAX: 0x0 
RBX: 0x7ffff5443640 ("base-calpod-test1-cph3.sh")
RCX: 0x1 
RDX: 0xffffffffcabc15c0 
RSI: 0x7ffff5443640 ("base-calpod-test1-cph3.sh")
RDI: 0x0 
RBP: 0x7ffff5443640 ("base-calpod-test1-cph3.sh")
RSP: 0x7fffffff7ac8 --> 0x489b4a (<do_string_sub+282>:	movsxd rdx,DWORD PTR [rsp+0x20])
RIP: 0x7ffff67a18f0 (<__memmove_avx_unaligned_erms+368>:	vmovdqu ymm5,YMMWORD PTR [rsi+rdx*1-0x20])
R8 : 0x0 
R9 : 0x0 
R10: 0x5 
R11: 0x0 
R12: 0x7ffff51f9060 --> 0x65002e3a7e00 ('')
R13: 0x1 
R14: 0xffffffffcabc15c0 
R15: 0x8fc3f48ecabc15c0
EFLAGS: 0x10287 (CARRY PARITY adjust zero SIGN trap INTERRUPT direction overflow)
[-------------------------------------code-------------------------------------]
   0x7ffff67a18e0 <__memmove_avx_unaligned_erms+352>:	ja     0x7ffff67a1991 <__memmove_avx_unaligned_erms+529>
   0x7ffff67a18e6 <__memmove_avx_unaligned_erms+358>:	je     0x7ffff67a17d1 <__memmove_avx_unaligned_erms+81>
   0x7ffff67a18ec <__memmove_avx_unaligned_erms+364>:	vmovdqu ymm4,YMMWORD PTR [rsi]
=> 0x7ffff67a18f0 <__memmove_avx_unaligned_erms+368>:	vmovdqu ymm5,YMMWORD PTR [rsi+rdx*1-0x20]
   0x7ffff67a18f6 <__memmove_avx_unaligned_erms+374>:	vmovdqu ymm6,YMMWORD PTR [rsi+rdx*1-0x40]
   0x7ffff67a18fc <__memmove_avx_unaligned_erms+380>:	vmovdqu ymm7,YMMWORD PTR [rsi+rdx*1-0x60]
   0x7ffff67a1902 <__memmove_avx_unaligned_erms+386>:	vmovdqu ymm8,YMMWORD PTR [rsi+rdx*1-0x80]
   0x7ffff67a1908 <__memmove_avx_unaligned_erms+392>:	mov    r11,rdi
[------------------------------------stack-------------------------------------]
0000| 0x7fffffff7ac8 --> 0x489b4a (<do_string_sub+282>:	movsxd rdx,DWORD PTR [rsp+0x20])
0008| 0x7fffffff7ad0 --> 0x67000000f54a529e 
0016| 0x7fffffff7ad8 --> 0x7ffff5443659 --> 0x200068732e336800 ('')
0024| 0x7fffffff7ae0 --> 0x0 
0032| 0x7fffffff7ae8 --> 0x7ffff54ade90 --> 0x73466563424161 ('aABceFs')
0040| 0x7fffffff7af0 --> 0x0 
0048| 0x7fffffff7af8 --> 0xc800000001 
0056| 0x7fffffff7b00 --> 0x0 
[------------------------------------------------------------------------------]
Legend: code, data, rodata, value
Stopped reason: SIGSEGV
0x00007ffff67a18f0 in __memmove_avx_unaligned_erms () from /usr/lib/libc.so.6

**Comment by justinmk** [comment]
Thanks for reporting. Looks like https://github.com/neovim/neovim/issues/5406. Might want to try master as well, if you can build from source or your package manager offers the unstable version.
